<?xml version="1.0" encoding="UTF-8"?>
<coverage generated="1570832356682" clover="3.2.0">
  <project timestamp="1570832356682" name="All files">
    <metrics statements="7" coveredstatements="7" conditionals="3" coveredconditionals="1" methods="3" coveredmethods="3" elements="13" coveredelements="11" complexity="0" loc="7" ncloc="7" packages="2" files="2" classes="2"/>
    <package name="london.snippet">
      <metrics statements="4" coveredstatements="4" conditionals="3" coveredconditionals="1" methods="2" coveredmethods="2"/>
      <file name="snippet.js" path="/Users/cheemad/Projects/codeforweb/components/london/snippet/snippet.js">
        <metrics statements="4" coveredstatements="4" conditionals="3" coveredconditionals="1" methods="2" coveredmethods="2"/>
        <line num="13" count="1" type="stmt"/>
        <line num="16" count="1" type="stmt"/>
        <line num="23" count="3" type="stmt"/>
        <line num="30" count="1" type="stmt"/>
      </file>
    </package>
    <package name="netflix.profile">
      <metrics statements="3" coveredstatements="3" conditionals="0" coveredconditionals="0" methods="1" coveredmethods="1"/>
      <file name="profile.js" path="/Users/cheemad/Projects/codeforweb/components/netflix/profile/profile.js">
        <metrics statements="3" coveredstatements="3" conditionals="0" coveredconditionals="0" methods="1" coveredmethods="1"/>
        <line num="11" count="1" type="stmt"/>
        <line num="12" count="1" type="stmt"/>
        <line num="20" count="1" type="stmt"/>
      </file>
    </package>
  </project>
</coverage>
