{"/Users/cheemad/Projects/codeforweb/components/netflix/head/header.js": {"path":"/Users/cheemad/Projects/codeforweb/components/netflix/head/header.js","statementMap":{"0":{"start":{"line":4,"column":15},"end":{"line":13,"column":1}},"1":{"start":{"line":5,"column":2},"end":{"line":12,"column":9}}},"fnMap":{"0":{"name":"(anonymous_0)","decl":{"start":{"line":4,"column":15},"end":{"line":4,"column":16}},"loc":{"start":{"line":5,"column":2},"end":{"line":12,"column":9}},"line":5}},"branchMap":{},"s":{"0":1,"1":1},"f":{"0":1},"b":{},"_coverageSchema":"43e27e138ebf9cfc5966b082cf9a028302ed4184","hash":"adedfd511cc6203643477438d4bc3ac88b6c8fb2"}
,"/Users/cheemad/Projects/codeforweb/components/netflix/profile/profile.js": {"path":"/Users/cheemad/Projects/codeforweb/components/netflix/profile/profile.js","statementMap":{"0":{"start":{"line":11,"column":16},"end":{"line":18,"column":1}},"1":{"start":{"line":12,"column":2},"end":{"line":17,"column":12}},"2":{"start":{"line":20,"column":0},"end":{"line":23,"column":2}}},"fnMap":{"0":{"name":"(anonymous_0)","decl":{"start":{"line":11,"column":16},"end":{"line":11,"column":17}},"loc":{"start":{"line":12,"column":2},"end":{"line":17,"column":12}},"line":12}},"branchMap":{},"s":{"0":1,"1":1,"2":1},"f":{"0":1},"b":{},"_coverageSchema":"43e27e138ebf9cfc5966b082cf9a028302ed4184","hash":"d6715bdf3ae45da2d411bbd62d35ffac76b03260"}
}
