TN:
SF:/Users/cheemad/Projects/codeforweb/components/london/snippet/snippet.js
FN:4,(anonymous_0)
FN:13,(anonymous_1)
FNF:2
FNH:2
FNDA:1,(anonymous_0)
FNDA:3,(anonymous_1)
DA:4,1
DA:7,1
DA:14,3
DA:21,1
LF:4
LH:4
BRDA:5,0,0,0
BRDA:8,1,0,1
BRDA:8,1,1,0
BRF:3
BRH:1
end_of_record
TN:
SF:/Users/cheemad/Projects/codeforweb/components/netflix/head/header.js
FN:4,(anonymous_0)
FNF:1
FNH:1
FNDA:1,(anonymous_0)
DA:4,1
DA:5,1
LF:2
LH:2
BRF:0
BRH:0
end_of_record
TN:
SF:/Users/cheemad/Projects/codeforweb/components/netflix/profile/profile.js
FN:11,(anonymous_0)
FNF:1
FNH:1
FNDA:1,(anonymous_0)
DA:11,1
DA:12,1
DA:20,1
LF:3
LH:3
BRF:0
BRH:0
end_of_record
